<?xml version="1.0" encoding="UTF-8"?>
<!-- Generated by org.testng.reporters.JUnitReportReporter -->
<testsuite hostname="AHMED-PC" failures="0" tests="1" name="tests.BookTolipHotelTest" time="89.253" errors="0" timestamp="2023-08-03T11:09:05 EET" skipped="0">
  <testcase classname="tests.BookTolipHotelTest" name="searchForResults" time="89.253"/>
  <system-out/>
</testsuite> <!-- tests.BookTolipHotelTest -->
